-------------------------------------------------------------------------------
Test set: com.ygorod.webapp.AboutTest
-------------------------------------------------------------------------------
Tests run: 2, Failures: 1, Errors: 0, Skipped: 0, Time elapsed: 0.096 s <<< FAILURE! - in com.ygorod.webapp.AboutTest
assertDemo  Time elapsed: 0.018 s  <<< FAILURE!
org.opentest4j.AssertionFailedError: assertDemo fails ==> expected: <10> but was: <-10>
	at com.ygorod.webapp.AboutTest.assertDemo(AboutTest.java:33)

